<?xml version="1.0" encoding="UTF-8"?>
<!-- Generated by org.testng.reporters.JUnitReportReporter -->
<testsuite skipped="0" hostname="SG" name="test.HandlingDB" tests="1" failures="0" timestamp="2020-07-01T19:45:55 IST" time="0.621" errors="0">
  <testcase name="testDB" time="0.621" classname="test.HandlingDB"/>
  <system-out/>
</testsuite> <!-- test.HandlingDB -->
