<?xml version="1.0" encoding="UTF-8"?>
<!-- Generated by org.testng.reporters.JUnitReportReporter -->
<testsuite skipped="0" hostname="SG" name="testngExamples.DemoGroups" tests="2" failures="0" timestamp="2020-06-28T12:11:43 IST" time="0.031" errors="0">
  <testcase name="method2" time="0.003" classname="testngExamples.DemoGroups"/>
  <system-out>
Performing Smoke Testing / Functional Testing  </system-out>
  <testcase name="method1" time="0.028" classname="testngExamples.DemoGroups"/>
  <system-out>
Performing Smoke Testing  </system-out>
</testsuite> <!-- testngExamples.DemoGroups -->
