<?xml version="1.0" encoding="UTF-8"?>
<!-- Generated by org.testng.reporters.JUnitReportReporter -->
<testsuite skipped="0" hostname="SG" name="handlingData.Notepad" tests="1" failures="0" timestamp="2020-06-28T14:29:51 IST" time="0.038" errors="0">
  <testcase name="readwriteProperty" time="0.038" classname="handlingData.Notepad"/>
  <system-out/>
</testsuite> <!-- handlingData.Notepad -->
