<?xml version="1.0" encoding="UTF-8"?>
<!-- Generated by org.testng.reporters.JUnitReportReporter -->
<testsuite skipped="1" hostname="SG" name="handlingData.ExcelSheet" tests="2" failures="0" timestamp="2020-06-29T16:06:23 IST" time="1.453" errors="0">
  <testcase name="writeXLData" time="1.453" classname="handlingData.ExcelSheet"/>
  <system-out/>
  <testcase name="readXLData" classname="handlingData.ExcelSheet">
    <skipped/>
  </testcase> <!-- readXLData -->
  <system-out/>
</testsuite> <!-- handlingData.ExcelSheet -->
