<?xml version="1.0" encoding="UTF-8"?>
<!-- Generated by org.testng.reporters.JUnitReportReporter -->
<testsuite skipped="0" hostname="SG" name="qsp.DB" tests="1" failures="0" timestamp="2020-06-30T00:53:35 IST" time="0.300" errors="0">
  <testcase name="data" time="0.300" classname="qsp.DB"/>
  <system-out/>
</testsuite> <!-- qsp.DB -->
