<?xml version="1.0" encoding="UTF-8"?>
<!-- Generated by org.testng.reporters.JUnitReportReporter -->
<testsuite skipped="0" hostname="SG" name="inheritTestng.TestLogin_PARAM" tests="3" failures="0" timestamp="2020-06-28T11:17:11 IST" time="48.419" errors="0">
  <testcase name="verifyLogin" time="15.716" classname="inheritTestng.TestLogin_PARAM"/>
  <system-out/>
  <testcase name="verifyLogin" time="15.635" classname="inheritTestng.TestLogin_PARAM"/>
  <system-out/>
  <testcase name="verifyLogin" time="17.068" classname="inheritTestng.TestLogin_PARAM"/>
  <system-out/>
</testsuite> <!-- inheritTestng.TestLogin_PARAM -->
