<?xml version="1.0" encoding="UTF-8"?>
<!-- Generated by org.testng.reporters.JUnitReportReporter -->
<testsuite skipped="0" hostname="SG" name="testngExamples.NewTest" tests="1" failures="0" timestamp="2020-06-27T19:42:48 IST" time="0.014" errors="0">
  <testcase name="f" time="0.014" classname="testngExamples.NewTest"/>
  <system-out>
test method  </system-out>
</testsuite> <!-- testngExamples.NewTest -->
