<?xml version="1.0" encoding="UTF-8"?>
<!-- Generated by org.testng.reporters.JUnitReportReporter -->
<testsuite skipped="0" hostname="SG" name="gridDemo.HandlingSeleniumGrid" tests="2" failures="0" timestamp="2020-06-29T18:47:56 IST" time="58.183" errors="0">
  <testcase name="demoGrid" time="26.251" classname="gridDemo.HandlingSeleniumGrid"/>
  <system-out/>
  <testcase name="demoGrid" time="31.932" classname="gridDemo.HandlingSeleniumGrid"/>
  <system-out/>
</testsuite> <!-- gridDemo.HandlingSeleniumGrid -->
