<?xml version="1.0" encoding="UTF-8"?>
<!-- Generated by org.testng.reporters.JUnitReportReporter -->
<testsuite skipped="0" hostname="SG" name="testngExamples.DemoAssert" tests="2" failures="0" timestamp="2020-06-28T12:44:29 IST" time="0.031" errors="0">
  <testcase name="f" time="0.023" classname="testngExamples.DemoAssert"/>
  <system-out>
last line is executed  </system-out>
  <testcase name="f1" time="0.008" classname="testngExamples.DemoAssert"/>
  <system-out>
second method  </system-out>
</testsuite> <!-- testngExamples.DemoAssert -->
