<?xml version="1.0" encoding="UTF-8"?>
<!-- Generated by org.testng.reporters.JUnitReportReporter -->
<testsuite skipped="0" hostname="SG" name="testngExamples.DemoTestNg" tests="1" failures="0" timestamp="2020-06-27T18:44:55 IST" time="0.002" errors="0">
  <testcase name="method1" time="0.002" classname="testngExamples.DemoTestNg"/>
  <system-out>
test class 1  </system-out>
</testsuite> <!-- testngExamples.DemoTestNg -->
