<?xml version="1.0" encoding="UTF-8"?>
<!-- Generated by org.testng.reporters.JUnitReportReporter -->
<testsuite skipped="0" hostname="SG" name="demoFrames.HandlingFrames" tests="1" failures="0" timestamp="2020-06-29T17:11:06 IST" time="15.926" errors="0">
  <testcase name="testFrame" time="15.926" classname="demoFrames.HandlingFrames"/>
  <system-out/>
</testsuite> <!-- demoFrames.HandlingFrames -->
