<?xml version="1.0" encoding="UTF-8"?>
<!-- Generated by org.testng.reporters.JUnitReportReporter -->
<testsuite skipped="0" hostname="SG" name="testngExamples.TestClass2" tests="1" failures="0" timestamp="2020-06-27T18:44:55 IST" time="0.012" errors="0">
  <testcase name="method2" time="0.012" classname="testngExamples.TestClass2"/>
  <system-out>
test class 2  </system-out>
</testsuite> <!-- testngExamples.TestClass2 -->
