<?xml version="1.0" encoding="UTF-8"?>
<!-- Generated by org.testng.reporters.JUnitReportReporter -->
<testsuite skipped="0" hostname="SG" name="inheritTestng.TestLogin" tests="4" failures="0" timestamp="2020-06-28T10:41:56 IST" time="91.417" errors="0">
  <testcase name="verifyLogin" time="25.800" classname="inheritTestng.TestLogin"/>
  <system-out/>
  <testcase name="verifyLogin" time="22.028" classname="inheritTestng.TestLogin"/>
  <system-out/>
  <testcase name="verifyLogin" time="21.582" classname="inheritTestng.TestLogin"/>
  <system-out/>
  <testcase name="verifyLogin" time="22.007" classname="inheritTestng.TestLogin"/>
  <system-out/>
</testsuite> <!-- inheritTestng.TestLogin -->
